**************************************************** 
* guineapig++ Version  0.5.6-b 
* Program written by Daniel Schulte at DESY and CERN 
* object oriented by Guy Le Meur at LAL-Orsay 
**************************************************** 

                                         
 ------------- Beam parameters ------------ 
             
energy.1 = 250 ; energy.2 = 250
particles.1 = 2 ; particles.2 = 2
sigma_x.1 = 655.164 ; sigma_x.2 = 655.164
sigma_y.1 = 5.71874 ; sigma_y.2 = 5.71874
sigma_z.1 = 300 ; sigma_z.2 = 300
emitt_x.1 = 10 ; emitt_x.2 = 10
emitt_y.1 = 0.04 ; emitt_y.2 = 0.04
beta_x.1 = 21 ; beta_x.2 = 21
beta_y.1 = 0.4 ; beta_y.2 = 0.4
offset_x.1 = 0 ; offset_x.2 = 0
offset_y.1 = 0 ; offset_y.2 = 0
offset_z.1 = 0 ; offset_z.2 = 0
waist_x.1 = 0 ; waist_x.2 = 0
waist_y.1 = 0 ; waist_y.2 = 0
couple_xy.1 = 0 ; couple_xy.2 = 0
xi_x.1 = 0 ; xi_x.2 = 0
xi_y.1 = 0 ; xi_y.2 = 0
angle_x.1 = 0 ; angle_x.2 = 0
angle_y.1 = 0 ; angle_y.2 = 0
angle_phi.1 = 0 ; angle_phi.2 = 0
dist_x.1 = 0 ; dist_x.2 = 0
dist_z.1 = 0 ; dist_z.2 = 0
                                         
 *********************************************************************** 
 ------------- grid parameters ------------ 
             
n_x = 16 n_y = 128
n_z = 12 n_t = 3
n_m.1 = 80000 n_m.2 = 80000
cut_x = 160 cut_y = 1280 cut_z = 900
                                         
 *********************************************************************** 
 ------------- SWITCHES :  ------------ 
             
charge_sign = -1
integration_method = 2 force_symmetric = 0
rndm_load = 1rndm_save = 1 rndm_seed = 1
do_photons.1 = 0 do_photons.2 = 0
write_photons = 0
do_comp = 0 do_prod = 0
electron_ratio = 0.1
compt_x_min = 1 compt_emax = 100 compt_scale = 1
do_lumi = 0num_lumi = 100000 lumi_p = 1e-29
do_cross = 0 do_isr = 1 do_espread = 0
photon_ratio = 1
do_hadrons = 0 store_hadrons = 0 hadron_ratio = 100000
do_jets = 0 store_jets = 0
do_pairs = 0 do_muons = 0 load_events = 0
track_secondaries = 0 pair_step = 1
store_secondaries = 1
bhabha_scal = 1e-29 bhabha_ecmload = 500
do_coherent = 0
grids = 1
pair_ecut = 0
pair_ratio = 1
bhabha_ratio = 1
pair_q2 = 2
beam_pair = 0
jet_ratio = 100000
jet_ptmin = 2
jet_pythia = 0
jet_log = 1
beam_size = 1 beam_size_scale = 1 ext_field = 0
espread.1 = 0.001 which_espread.1 = 1 espread.2 = 0.001 which_espread.2 = 1
f_rep = 1 n_b = 1
